<?xml version="1.0" encoding="UTF-8"?>
<!-- Generated by org.testng.reporters.JUnitXMLReporter -->
<testsuite hostname="TPK" name="RegressionTest" tests="4" failures="0" timestamp="7 Aug 2017 18:17:30 GMT" time="150.83" errors="0">
  <testcase name="testhomepage" time="0.055" classname="testcases.VerifyHomepage"/>
  <testcase name="testhomepage" time="12.63" classname="testcases.VerifyLoginpage"/>
  <testcase name="testhomepage" time="12.113" classname="testcases.VerifyLoginpageReports"/>
  <testcase name="testhomepage" time="17.133" classname="testcases.VerifyLoginpageReportswithScreenshot"/>
</testsuite> <!-- RegressionTest -->
